{
  "stats": {
    "suites": 1,
    "tests": 1,
    "passes": 1,
    "pending": 0,
    "failures": 0,
    "start": "2020-12-12T16:38:28.831Z",
    "end": "2020-12-12T16:38:42.806Z",
    "duration": 13975,
    "testsRegistered": 1,
    "passPercent": 100,
    "pendingPercent": 0,
    "other": 0,
    "hasOther": false,
    "skipped": 0,
    "hasSkipped": false
  },
  "results": [
    {
      "uuid": "dc2f177f-882c-4038-9819-85bf7a45f623",
      "title": "",
      "fullFile": "cypress/integration/compra.spec.js",
      "file": "cypress/integration/compra.spec.js",
      "beforeHooks": [],
      "afterHooks": [],
      "tests": [],
      "suites": [
        {
          "uuid": "9d251878-4e84-4687-9ece-5fefcbf36942",
          "title": "Compra",
          "fullFile": "",
          "file": "",
          "beforeHooks": [],
          "afterHooks": [],
          "tests": [
            {
              "title": "Efetuar uma compra de produto",
              "fullTitle": "Compra Efetuar uma compra de produto",
              "timedOut": null,
              "duration": 13897,
              "state": "passed",
              "speed": "slow",
              "pass": true,
              "fail": false,
              "pending": false,
              "context": null,
              "code": "cy.backgroundLogin();\ncy.visit('/');\nvar nomeProduto = 'Faded Short Sleeve T-shirts';\ncy.contains(nomeProduto).trigger('mouseover');\ncy.contains(nomeProduto).parent() //h5\n.siblings('div.button-container').children('a').first() //add to cart\n.click(); // validando se o produto foi add com sucesso\ncy.get('.icon-ok').parent() //h2\n.should('contain.text', 'Product successfully added to your shopping cart');\ncy.get('span#layer_cart_product_title').should('contain.text', nomeProduto);\ncy.get(\".button-container a[href$='order']\").click();\ncy.get(\".cart_navigation.clearfix a[href$='order&step=1']\").click(); // cy.get(\"#email\").type('vidal_teste@gmail.com')\n// cy.get(\"#passwd\").type('12345')\n// cy.get(\"#SubmitLogin\").click()\n// validando seo endereço de entrega é igaul o de cobrança\ncy.get('[type=checkbox]#addressesAreEquals').should('have.attr', 'checked', 'checked');\ncy.get('[type=checkbox]#addressesAreEquals').should('have.attr', 'name', 'same'); ///[type='checkbox']#addressesAreEquals\ncy.get('button[name=processAddress]').click();\ncy.get('[type=checkbox]#cgv').check();\ncy.get('button[name=processCarrier]').click();\ncy.get('.bankwire').click();\ncy.get('.cart_navigation.clearfix button[type=submit]').find('span').contains('I confirm my order').click();\ncy.get('.cheque-indent strong').should('contain.text', 'Your order on My Store is complete.');\ncy.get('div.box').invoke('text').then(function (text) {\n  console.log(text);\n  console.log(text.match(/[A-Z][A-Z]+/g)[1]); // 0 -> RTP\n  //1 ID do pedido\n  //escrita de um arquivo json com o conteudo do pedido\n  // caminho do arquivo (sempre a partir do root) | conteúdo do arquivo\n  cy.writeFile('cypress/fixtures/pedido.json', {\n    id: \"\".concat(text.match(/[A-Z][A-Z]+/g)[1])\n  });\n});\ncy.get(\".cart_navigation  a[href$='history']\").click(); //leitura de um arquivo\ncy.readFile('cypress/fixtures/pedido.json').then(function (pedido) {\n  cy.get('tr.first_item .history_link a').should('contain.text', pedido.id);\n}); //html\n// . = classe\n//json path\n// . = nivel dentro do caminho do json\n//1.capturar o texto do box\n//Filtrar o texto do box para extrair somente o ID do pedido\n//3 Armazenar o di de alguma forma\n//5 obter o ID do pedido de alguma forma \n//expect\n//should",
              "err": {},
              "uuid": "6923c188-bede-41ca-8223-ef228be51e1c",
              "parentUUID": "9d251878-4e84-4687-9ece-5fefcbf36942",
              "isHook": false,
              "skipped": false
            }
          ],
          "suites": [],
          "passes": [
            "6923c188-bede-41ca-8223-ef228be51e1c"
          ],
          "failures": [],
          "pending": [],
          "skipped": [],
          "duration": 13897,
          "root": false,
          "rootEmpty": false,
          "_timeout": 2000
        }
      ],
      "passes": [],
      "failures": [],
      "pending": [],
      "skipped": [],
      "duration": 0,
      "root": true,
      "rootEmpty": true,
      "_timeout": 2000
    }
  ],
  "meta": {
    "mocha": {
      "version": "7.0.1"
    },
    "mochawesome": {
      "options": {
        "quiet": true,
        "reportFilename": "mochawesome",
        "saveHtml": false,
        "saveJson": true,
        "consoleReporter": "spec",
        "useInlineDiffs": false,
        "code": true
      },
      "version": "6.2.1"
    },
    "marge": {
      "options": {
        "id": "default",
        "reportDir": "mochawesome-report",
        "quiet": true,
        "overwrite": false,
        "html": false,
        "json": true
      },
      "version": "5.1.0"
    }
  }
}